{"label":"src/app.js","level":"error","message":"This is test message","timestamp":"2024-10-22 10:51:07"}
{"label":"src/app.js","level":"info","message":{"method":"uploadFileToPinata","userInfo":{"user":{"email":"hadithstudent@gmail.com","id":"hadithstudent@gmail.com","orgId":"2","registrationType":"StudentOfHadith"}}},"timestamp":"2024-10-22 10:53:42"}
{"label":"src/app.js","level":"info","message":{"info":{"name":"السند مع شرح الحديث","url":"QmRTR3qTwGmufY49DGTvmE8KKA1ivD1GsNVx8jbBSNAUAm"},"method":"uploadFileToPinata","userInfo":{"user":{"email":"hadithstudent@gmail.com","id":"hadithstudent@gmail.com","orgId":"2","registrationType":"StudentOfHadith"}}},"timestamp":"2024-10-22 10:53:46"}
{"label":"src/app.js","level":"info","message":{"method":"uploadFileToPinata","userInfo":{"user":{"email":"hadithstudent@gmail.com","id":"hadithstudent@gmail.com","orgId":"2","registrationType":"StudentOfHadith"}}},"timestamp":"2024-10-22 10:54:37"}
{"label":"src/app.js","level":"info","message":{"info":{"name":"s","url":"QmRTR3qTwGmufY49DGTvmE8KKA1ivD1GsNVx8jbBSNAUAm"},"method":"uploadFileToPinata","userInfo":{"user":{"email":"hadithstudent@gmail.com","id":"hadithstudent@gmail.com","orgId":"2","registrationType":"StudentOfHadith"}}},"timestamp":"2024-10-22 10:54:40"}
{"label":"src/app.js","level":"error","message":"This is test message","timestamp":"2024-10-22 10:56:17"}
{"label":"src/app.js","level":"error","message":"This is test message","timestamp":"2024-10-22 10:56:23"}
{"label":"src/app.js","level":"error","message":"This is test message","timestamp":"2024-10-22 10:56:31"}
{"label":"src/app.js","level":"info","message":{"method":"uploadFileToPinata","userInfo":{"user":{"email":"hadithstudent@gmail.com","id":"hadithstudent@gmail.com","orgId":"2","registrationType":"StudentOfHadith"}}},"timestamp":"2024-10-22 10:56:38"}
{"label":"src/app.js","level":"info","message":{"info":{"name":"s","url":"QmRTR3qTwGmufY49DGTvmE8KKA1ivD1GsNVx8jbBSNAUAm"},"method":"uploadFileToPinata","userInfo":{"user":{"email":"hadithstudent@gmail.com","id":"hadithstudent@gmail.com","orgId":"2","registrationType":"StudentOfHadith"}}},"timestamp":"2024-10-22 10:56:42"}
{"label":"src/app.js","level":"error","message":"This is test message","timestamp":"2024-10-22 10:58:27"}
{"label":"src/app.js","level":"error","message":"This is test message","timestamp":"2024-10-22 10:58:40"}
{"label":"src/app.js","level":"error","message":"This is test message","timestamp":"2024-10-22 10:58:46"}
{"label":"src/app.js","level":"error","message":"This is test message","timestamp":"2024-10-22 11:00:17"}
{"label":"src/app.js","level":"error","message":"This is test message","timestamp":"2024-10-22 11:01:08"}
{"label":"src/app.js","level":"error","message":"This is test message","timestamp":"2024-10-22 11:01:38"}
{"label":"src/app.js","level":"error","message":"This is test message","timestamp":"2024-10-22 11:02:38"}
{"label":"src/app.js","level":"error","message":"This is test message","timestamp":"2024-10-22 11:02:43"}
{"label":"src/app.js","level":"error","message":"This is test message","timestamp":"2024-10-22 11:02:48"}
{"label":"src/app.js","level":"error","message":"This is test message","timestamp":"2024-10-22 11:03:18"}
{"label":"src/app.js","level":"error","message":"This is test message","timestamp":"2024-10-22 11:03:41"}
{"label":"src/app.js","level":"error","message":"This is test message","timestamp":"2024-10-22 11:04:07"}
{"label":"src/app.js","level":"error","message":"This is test message","timestamp":"2024-10-22 11:04:39"}
{"label":"src/app.js","level":"error","message":"This is test message","timestamp":"2024-10-22 11:05:07"}
{"label":"src/app.js","level":"error","message":"This is test message","timestamp":"2024-10-22 11:05:35"}
{"label":"src/app.js","level":"error","message":"This is test message","timestamp":"2024-10-22 11:06:41"}
{"label":"src/app.js","level":"error","message":"This is test message","timestamp":"2024-10-22 11:06:56"}
{"label":"src/app.js","level":"error","message":"This is test message","timestamp":"2024-10-22 11:07:24"}
{"label":"src/app.js","level":"error","message":"This is test message","timestamp":"2024-10-22 11:07:49"}
{"label":"src/app.js","level":"error","message":"This is test message","timestamp":"2024-10-22 11:08:09"}
{"label":"src/app.js","level":"error","message":"This is test message","timestamp":"2024-10-22 11:08:14"}
{"label":"src/app.js","level":"error","message":"This is test message","timestamp":"2024-10-22 11:08:21"}
{"label":"src/app.js","level":"error","message":"This is test message","timestamp":"2024-10-22 11:08:26"}
{"label":"src/app.js","level":"error","message":"This is test message","timestamp":"2024-10-22 11:08:39"}
{"label":"src/app.js","level":"error","message":"This is test message","timestamp":"2024-10-22 11:08:47"}
{"label":"src/app.js","level":"error","message":"This is test message","timestamp":"2024-10-22 11:09:19"}
{"label":"src/app.js","level":"error","message":"This is test message","timestamp":"2024-10-22 11:09:47"}
{"label":"src/app.js","level":"error","message":"This is test message","timestamp":"2024-10-22 11:10:12"}
{"label":"src/app.js","level":"error","message":"This is test message","timestamp":"2024-10-22 11:10:25"}
{"label":"src/app.js","level":"info","message":{"method":"uploadFileToPinata","userInfo":{"user":{"email":"hadithstudent@gmail.com","id":"hadithstudent@gmail.com","orgId":"2","registrationType":"StudentOfHadith"}}},"timestamp":"2024-10-22 11:10:51"}
{"label":"src/app.js","level":"info","message":{"info":{"name":"السند مع شرح الحديث","url":"QmRTR3qTwGmufY49DGTvmE8KKA1ivD1GsNVx8jbBSNAUAm"},"method":"uploadFileToPinata","userInfo":{"user":{"email":"hadithstudent@gmail.com","id":"hadithstudent@gmail.com","orgId":"2","registrationType":"StudentOfHadith"}}},"timestamp":"2024-10-22 11:10:55"}
{"label":"src/app.js","level":"error","message":"This is test message","timestamp":"2024-10-22 11:12:54"}
{"label":"src/app.js","level":"error","message":"This is test message","timestamp":"2024-10-22 11:13:10"}
{"label":"src/app.js","level":"error","message":"This is test message","timestamp":"2024-10-22 11:14:59"}
{"label":"src/app.js","level":"error","message":"This is test message","timestamp":"2024-10-22 11:15:50"}
{"label":"src/app.js","level":"error","message":"This is test message","timestamp":"2024-10-22 11:16:09"}
{"label":"src/app.js","level":"error","message":"This is test message","timestamp":"2024-10-22 11:16:27"}
{"label":"src/app.js","level":"error","message":"This is test message","timestamp":"2024-10-22 11:18:12"}
{"label":"src/app.js","level":"error","message":"This is test message","timestamp":"2024-10-22 11:18:53"}
{"label":"src/app.js","level":"error","message":"This is test message","timestamp":"2024-10-22 11:19:07"}
{"label":"src/app.js","level":"error","message":"This is test message","timestamp":"2024-10-22 11:19:37"}
{"label":"src/app.js","level":"error","message":"This is test message","timestamp":"2024-10-22 11:20:03"}
{"label":"src/app.js","level":"info","message":{"method":"uploadFileToPinata","userInfo":{"user":{"email":"kalifah-scholar@gmail.com","id":"kalifah-scholar@gmail.com","orgId":"1","registrationType":"scholar"}}},"timestamp":"2024-10-22 11:23:54"}
{"label":"src/app.js","level":"info","message":{"info":{"name":"السند مع شرح الحديث","url":"QmRTR3qTwGmufY49DGTvmE8KKA1ivD1GsNVx8jbBSNAUAm"},"method":"uploadFileToPinata","userInfo":{"user":{"email":"kalifah-scholar@gmail.com","id":"kalifah-scholar@gmail.com","orgId":"1","registrationType":"scholar"}}},"timestamp":"2024-10-22 11:23:58"}
{"label":"src/app.js","level":"error","message":"This is test message","timestamp":"2024-10-22 12:18:30"}
{"label":"src/app.js","level":"info","message":{"method":"uploadFileToPinata","userInfo":{"user":{"email":"kalifah-scholar@gmail.com","id":"kalifah-scholar@gmail.com","orgId":"1","registrationType":"scholar"}}},"timestamp":"2024-10-22 13:44:58"}
{"label":"src/app.js","level":"info","message":{"info":{"name":"السند مع شرح الحديث","url":"QmRTR3qTwGmufY49DGTvmE8KKA1ivD1GsNVx8jbBSNAUAm"},"method":"uploadFileToPinata","userInfo":{"user":{"email":"kalifah-scholar@gmail.com","id":"kalifah-scholar@gmail.com","orgId":"1","registrationType":"scholar"}}},"timestamp":"2024-10-22 13:45:02"}
{"label":"src/app.js","level":"error","message":"This is test message","timestamp":"2024-10-22 13:54:13"}
{"label":"src/app.js","level":"error","message":"This is test message","timestamp":"2024-10-22 13:54:27"}
{"label":"src/app.js","level":"info","message":{"method":"uploadFileToPinata","userInfo":{"user":{"email":"sara-hadithstudent@gmail.com","id":"sara-hadithstudent@gmail.com","orgId":"2","registrationType":"StudentOfHadith"}}},"timestamp":"2024-10-22 14:11:01"}
{"label":"src/app.js","level":"info","message":{"info":{"name":"السند مع شرح الحديث","url":"QmRTR3qTwGmufY49DGTvmE8KKA1ivD1GsNVx8jbBSNAUAm"},"method":"uploadFileToPinata","userInfo":{"user":{"email":"sara-hadithstudent@gmail.com","id":"sara-hadithstudent@gmail.com","orgId":"2","registrationType":"StudentOfHadith"}}},"timestamp":"2024-10-22 14:11:05"}
{"label":"src/app.js","level":"error","message":"This is test message","timestamp":"2024-10-22 14:17:25"}
{"label":"src/app.js","level":"error","message":"This is test message","timestamp":"2024-10-22 14:18:55"}
{"label":"src/app.js","level":"error","message":"This is test message","timestamp":"2024-10-22 14:19:22"}
{"label":"src/app.js","level":"error","message":"This is test message","timestamp":"2024-10-22 14:19:35"}
{"label":"src/app.js","level":"error","message":"This is test message","timestamp":"2024-10-22 14:20:00"}
{"label":"src/app.js","level":"error","message":"This is test message","timestamp":"2024-10-22 14:20:40"}
{"label":"src/app.js","level":"error","message":"This is test message","timestamp":"2024-10-22 14:21:09"}
{"label":"src/app.js","level":"error","message":"This is test message","timestamp":"2024-10-22 14:22:31"}
{"label":"src/app.js","level":"error","message":"This is test message","timestamp":"2024-10-22 14:22:55"}
{"label":"src/app.js","level":"error","message":"This is test message","timestamp":"2024-10-22 14:23:26"}
{"label":"src/app.js","level":"error","message":"This is test message","timestamp":"2024-10-22 14:23:42"}
{"label":"src/app.js","level":"error","message":"This is test message","timestamp":"2024-10-22 14:32:22"}
{"label":"src/app.js","level":"error","message":"This is test message","timestamp":"2024-10-22 14:32:32"}
{"label":"src/app.js","level":"info","message":{"method":"uploadFileToPinata","userInfo":{"user":{"email":"mohamed-scholar@gmail.com","id":"mohamed-scholar@gmail.com","orgId":"2","registrationType":"scholar"}}},"timestamp":"2024-10-22 14:32:40"}
{"label":"src/app.js","level":"info","message":{"info":{"name":"السند مع شرح الحديث","url":"QmRTR3qTwGmufY49DGTvmE8KKA1ivD1GsNVx8jbBSNAUAm"},"method":"uploadFileToPinata","userInfo":{"user":{"email":"mohamed-scholar@gmail.com","id":"mohamed-scholar@gmail.com","orgId":"2","registrationType":"scholar"}}},"timestamp":"2024-10-22 14:32:44"}
{"label":"src/app.js","level":"info","message":{"method":"uploadFileToPinata","userInfo":{"user":{"email":"admin1@gmail.com","id":"admin1@gmail.com","orgId":"1","registrationType":"user"}}},"timestamp":"2024-10-22 14:34:27"}
{"label":"src/app.js","level":"info","message":{"info":{"name":"السند مع شرح الحديث","url":"QmRTR3qTwGmufY49DGTvmE8KKA1ivD1GsNVx8jbBSNAUAm"},"method":"uploadFileToPinata","userInfo":{"user":{"email":"admin1@gmail.com","id":"admin1@gmail.com","orgId":"1","registrationType":"user"}}},"timestamp":"2024-10-22 14:34:31"}
