{"label":"src/app.js","level":"error","message":"This is test message","timestamp":"2024-08-29 16:38:18"}
{"label":"src/app.js","level":"info","message":{"method":"uploadFileToPinata","userInfo":{"user":{"email":"scholar1@gmail.com","id":"scholar1@gmail.com","orgId":"1","registrationType":"scholar"}}},"timestamp":"2024-08-29 16:38:43"}
{"label":"src/app.js","level":"info","message":{"info":{"name":"Sand","url":"QmRTR3qTwGmufY49DGTvmE8KKA1ivD1GsNVx8jbBSNAUAm"},"method":"uploadFileToPinata","userInfo":{"user":{"email":"scholar1@gmail.com","id":"scholar1@gmail.com","orgId":"1","registrationType":"scholar"}}},"timestamp":"2024-08-29 16:38:46"}
{"label":"src/app.js","level":"info","message":{"method":"uploadFileToPinata","userInfo":{"user":{"email":"scholar1@gmail.com","id":"scholar1@gmail.com","orgId":"1","registrationType":"scholar"}}},"timestamp":"2024-08-29 16:42:54"}
{"label":"src/app.js","level":"info","message":{"info":{"name":"Sand","url":"QmRTR3qTwGmufY49DGTvmE8KKA1ivD1GsNVx8jbBSNAUAm"},"method":"uploadFileToPinata","userInfo":{"user":{"email":"scholar1@gmail.com","id":"scholar1@gmail.com","orgId":"1","registrationType":"scholar"}}},"timestamp":"2024-08-29 16:42:58"}
{"label":"src/app.js","level":"info","message":{"method":"uploadFileToPinata","userInfo":{"user":{"email":"admin2@gmail.com","id":"admin2@gmail.com","orgId":"2","registrationType":"user"}}},"timestamp":"2024-08-29 16:43:07"}
{"label":"src/app.js","level":"info","message":{"info":{"name":"Sand","url":"QmRTR3qTwGmufY49DGTvmE8KKA1ivD1GsNVx8jbBSNAUAm"},"method":"uploadFileToPinata","userInfo":{"user":{"email":"admin2@gmail.com","id":"admin2@gmail.com","orgId":"2","registrationType":"user"}}},"timestamp":"2024-08-29 16:43:09"}
{"label":"src/app.js","level":"info","message":{"method":"uploadFileToPinata","userInfo":{"user":{"email":"admin2@gmail.com","id":"admin2@gmail.com","orgId":"2","registrationType":"user"}}},"timestamp":"2024-08-29 16:43:31"}
{"label":"src/app.js","level":"info","message":{"info":{"name":"Sand","url":"QmRTR3qTwGmufY49DGTvmE8KKA1ivD1GsNVx8jbBSNAUAm"},"method":"uploadFileToPinata","userInfo":{"user":{"email":"admin2@gmail.com","id":"admin2@gmail.com","orgId":"2","registrationType":"user"}}},"timestamp":"2024-08-29 16:43:33"}
{"label":"src/app.js","level":"info","message":{"method":"uploadFileToPinata","userInfo":{"user":{"email":"scholar1@gmail.com","id":"scholar1@gmail.com","orgId":"1","registrationType":"scholar"}}},"timestamp":"2024-08-29 16:43:44"}
{"label":"src/app.js","level":"info","message":{"info":{"name":"Sand","url":"QmRTR3qTwGmufY49DGTvmE8KKA1ivD1GsNVx8jbBSNAUAm"},"method":"uploadFileToPinata","userInfo":{"user":{"email":"scholar1@gmail.com","id":"scholar1@gmail.com","orgId":"1","registrationType":"scholar"}}},"timestamp":"2024-08-29 16:43:47"}
{"label":"src/app.js","level":"info","message":{"method":"uploadFileToPinata","userInfo":{"user":{"email":"scholar11@gmail.com","id":"scholar11@gmail.com","orgId":"1","registrationType":"scholar"}}},"timestamp":"2024-08-29 16:45:24"}
{"label":"src/app.js","level":"info","message":{"info":{"name":"Sand","url":"QmRTR3qTwGmufY49DGTvmE8KKA1ivD1GsNVx8jbBSNAUAm"},"method":"uploadFileToPinata","userInfo":{"user":{"email":"scholar11@gmail.com","id":"scholar11@gmail.com","orgId":"1","registrationType":"scholar"}}},"timestamp":"2024-08-29 16:45:27"}
{"label":"src/app.js","level":"error","message":"This is test message","timestamp":"2024-08-29 16:47:12"}
{"label":"src/app.js","level":"error","message":"This is test message","timestamp":"2024-08-29 16:47:31"}
{"label":"src/app.js","level":"error","message":"This is test message","timestamp":"2024-08-29 16:47:42"}
{"label":"src/app.js","level":"info","message":{"method":"uploadFileToPinata","userInfo":{"user":{"email":"scholar11@gmail.com","id":"scholar11@gmail.com","orgId":"1","registrationType":"scholar"}}},"timestamp":"2024-08-29 16:47:48"}
{"label":"src/app.js","level":"info","message":{"info":{"name":"Sand","url":"QmRTR3qTwGmufY49DGTvmE8KKA1ivD1GsNVx8jbBSNAUAm"},"method":"uploadFileToPinata","userInfo":{"user":{"email":"scholar11@gmail.com","id":"scholar11@gmail.com","orgId":"1","registrationType":"scholar"}}},"timestamp":"2024-08-29 16:47:51"}
{"label":"src/app.js","level":"info","message":{"method":"uploadFileToPinata","userInfo":{"user":{"email":"scholar11@gmail.com","id":"scholar11@gmail.com","orgId":"1","registrationType":"scholar"}}},"timestamp":"2024-08-29 17:01:52"}
{"label":"src/app.js","level":"info","message":{"info":{"name":"Sand","url":"QmRTR3qTwGmufY49DGTvmE8KKA1ivD1GsNVx8jbBSNAUAm"},"method":"uploadFileToPinata","userInfo":{"user":{"email":"scholar11@gmail.com","id":"scholar11@gmail.com","orgId":"1","registrationType":"scholar"}}},"timestamp":"2024-08-29 17:01:55"}
{"label":"src/app.js","level":"info","message":{"method":"uploadFileToPinata","userInfo":{"user":{"email":"scholar11@gmail.com","id":"scholar11@gmail.com","orgId":"1","registrationType":"scholar"}}},"timestamp":"2024-08-29 17:06:43"}
{"label":"src/app.js","level":"info","message":{"info":{"name":"Sand","url":"QmRTR3qTwGmufY49DGTvmE8KKA1ivD1GsNVx8jbBSNAUAm"},"method":"uploadFileToPinata","userInfo":{"user":{"email":"scholar11@gmail.com","id":"scholar11@gmail.com","orgId":"1","registrationType":"scholar"}}},"timestamp":"2024-08-29 17:06:47"}
{"label":"src/app.js","level":"info","message":{"method":"uploadFileToPinata","userInfo":{"user":{"email":"scholar2@gmail.com","id":"scholar2@gmail.com","orgId":"2","registrationType":"scholar"}}},"timestamp":"2024-08-29 17:43:40"}
{"label":"src/app.js","level":"info","message":{"info":{"name":"Sand","url":"QmRTR3qTwGmufY49DGTvmE8KKA1ivD1GsNVx8jbBSNAUAm"},"method":"uploadFileToPinata","userInfo":{"user":{"email":"scholar2@gmail.com","id":"scholar2@gmail.com","orgId":"2","registrationType":"scholar"}}},"timestamp":"2024-08-29 17:43:44"}
{"label":"src/app.js","level":"info","message":{"method":"uploadFileToPinata","userInfo":{"user":{"email":"scholar2@gmail.com","id":"scholar2@gmail.com","orgId":"2","registrationType":"scholar"}}},"timestamp":"2024-08-29 17:43:49"}
{"label":"src/app.js","level":"info","message":{"info":{"name":"Sand","url":"QmRTR3qTwGmufY49DGTvmE8KKA1ivD1GsNVx8jbBSNAUAm"},"method":"uploadFileToPinata","userInfo":{"user":{"email":"scholar2@gmail.com","id":"scholar2@gmail.com","orgId":"2","registrationType":"scholar"}}},"timestamp":"2024-08-29 17:43:51"}
{"label":"src/app.js","level":"error","message":"This is test message","timestamp":"2024-08-29 17:48:31"}
{"label":"src/app.js","level":"error","message":"This is test message","timestamp":"2024-08-29 17:48:38"}
{"label":"src/app.js","level":"error","message":"This is test message","timestamp":"2024-08-29 17:48:47"}
{"label":"src/app.js","level":"error","message":"This is test message","timestamp":"2024-08-29 17:48:54"}
{"label":"src/app.js","level":"error","message":"This is test message","timestamp":"2024-08-29 17:49:00"}
{"label":"src/app.js","level":"error","message":"This is test message","timestamp":"2024-08-29 17:49:05"}
{"label":"src/app.js","level":"error","message":"This is test message","timestamp":"2024-08-29 17:49:11"}
{"label":"src/app.js","level":"error","message":"This is test message","timestamp":"2024-08-29 17:50:01"}
