{"label":"src/app.js","level":"error","message":"This is test message","timestamp":"2024-09-03 10:34:16"}
{"label":"src/app.js","level":"info","message":{"method":"uploadFileToPinata","userInfo":{"user":{"email":"scholar11@gmail.com","id":"scholar11@gmail.com","orgId":"1","registrationType":"scholar"}}},"timestamp":"2024-09-03 10:34:24"}
{"label":"src/app.js","level":"info","message":{"info":{"name":"Sand","url":"QmRTR3qTwGmufY49DGTvmE8KKA1ivD1GsNVx8jbBSNAUAm"},"method":"uploadFileToPinata","userInfo":{"user":{"email":"scholar11@gmail.com","id":"scholar11@gmail.com","orgId":"1","registrationType":"scholar"}}},"timestamp":"2024-09-03 10:34:27"}
{"label":"src/app.js","level":"info","message":{"method":"uploadFileToPinata","userInfo":{"user":{"email":"scholar11@gmail.com","id":"scholar11@gmail.com","orgId":"1","registrationType":"scholar"}}},"timestamp":"2024-09-03 10:35:18"}
{"label":"src/app.js","level":"info","message":{"info":{"name":"Sand","url":"QmRTR3qTwGmufY49DGTvmE8KKA1ivD1GsNVx8jbBSNAUAm"},"method":"uploadFileToPinata","userInfo":{"user":{"email":"scholar11@gmail.com","id":"scholar11@gmail.com","orgId":"1","registrationType":"scholar"}}},"timestamp":"2024-09-03 10:35:21"}
{"label":"src/app.js","level":"info","message":{"method":"uploadFileToPinata","userInfo":{"user":{"email":"scholar2@gmail.com","id":"scholar2@gmail.com","orgId":"2","registrationType":"scholar"}}},"timestamp":"2024-09-03 13:13:39"}
{"label":"src/app.js","level":"info","message":{"info":{"name":"Sand","url":"QmRTR3qTwGmufY49DGTvmE8KKA1ivD1GsNVx8jbBSNAUAm"},"method":"uploadFileToPinata","userInfo":{"user":{"email":"scholar2@gmail.com","id":"scholar2@gmail.com","orgId":"2","registrationType":"scholar"}}},"timestamp":"2024-09-03 13:13:43"}
{"label":"src/app.js","level":"info","message":{"method":"uploadFileToPinata","userInfo":{"user":{"email":"scholar2@gmail.com","id":"scholar2@gmail.com","orgId":"2","registrationType":"scholar"}}},"timestamp":"2024-09-03 15:01:56"}
{"label":"src/app.js","level":"info","message":{"info":{"name":"Sand","url":"QmRTR3qTwGmufY49DGTvmE8KKA1ivD1GsNVx8jbBSNAUAm"},"method":"uploadFileToPinata","userInfo":{"user":{"email":"scholar2@gmail.com","id":"scholar2@gmail.com","orgId":"2","registrationType":"scholar"}}},"timestamp":"2024-09-03 15:01:59"}
{"label":"src/app.js","level":"info","message":{"method":"uploadFileToPinata","userInfo":{"user":{"email":"scholar2@gmail.com","id":"scholar2@gmail.com","orgId":"2","registrationType":"scholar"}}},"timestamp":"2024-09-03 15:12:23"}
{"label":"src/app.js","level":"info","message":{"info":{"name":"Sand","url":"QmRTR3qTwGmufY49DGTvmE8KKA1ivD1GsNVx8jbBSNAUAm"},"method":"uploadFileToPinata","userInfo":{"user":{"email":"scholar2@gmail.com","id":"scholar2@gmail.com","orgId":"2","registrationType":"scholar"}}},"timestamp":"2024-09-03 15:12:26"}
{"label":"src/app.js","level":"info","message":{"method":"uploadFileToPinata","userInfo":{"user":{"email":"scholar1@gmail.com","id":"scholar1@gmail.com","orgId":"1","registrationType":"scholar"}}},"timestamp":"2024-09-03 15:14:05"}
{"label":"src/app.js","level":"info","message":{"info":{"name":"Sand","url":"QmRTR3qTwGmufY49DGTvmE8KKA1ivD1GsNVx8jbBSNAUAm"},"method":"uploadFileToPinata","userInfo":{"user":{"email":"scholar1@gmail.com","id":"scholar1@gmail.com","orgId":"1","registrationType":"scholar"}}},"timestamp":"2024-09-03 15:14:08"}
{"label":"src/app.js","level":"info","message":{"method":"uploadFileToPinata","userInfo":{"user":{"email":"scholar2@gmail.com","id":"scholar2@gmail.com","orgId":"2","registrationType":"scholar"}}},"timestamp":"2024-09-03 15:15:55"}
{"label":"src/app.js","level":"info","message":{"info":{"name":"Sand","url":"QmRTR3qTwGmufY49DGTvmE8KKA1ivD1GsNVx8jbBSNAUAm"},"method":"uploadFileToPinata","userInfo":{"user":{"email":"scholar2@gmail.com","id":"scholar2@gmail.com","orgId":"2","registrationType":"scholar"}}},"timestamp":"2024-09-03 15:15:59"}
{"label":"src/app.js","level":"info","message":{"method":"uploadFileToPinata","userInfo":{"user":{"email":"admin2@gmail.com","id":"admin2@gmail.com","orgId":"2","registrationType":"user"}}},"timestamp":"2024-09-03 15:18:45"}
{"label":"src/app.js","level":"info","message":{"info":{"name":"Sand","url":"QmRTR3qTwGmufY49DGTvmE8KKA1ivD1GsNVx8jbBSNAUAm"},"method":"uploadFileToPinata","userInfo":{"user":{"email":"admin2@gmail.com","id":"admin2@gmail.com","orgId":"2","registrationType":"user"}}},"timestamp":"2024-09-03 15:18:50"}
{"label":"src/app.js","level":"error","message":"This is test message","timestamp":"2024-09-03 15:19:19"}
{"label":"src/app.js","level":"info","message":{"method":"uploadFileToPinata","userInfo":{"user":{"email":"admin2@gmail.com","id":"admin2@gmail.com","orgId":"2","registrationType":"user"}}},"timestamp":"2024-09-03 15:19:21"}
{"label":"src/app.js","level":"info","message":{"info":{"name":"Sand","url":"QmRTR3qTwGmufY49DGTvmE8KKA1ivD1GsNVx8jbBSNAUAm"},"method":"uploadFileToPinata","userInfo":{"user":{"email":"admin2@gmail.com","id":"admin2@gmail.com","orgId":"2","registrationType":"user"}}},"timestamp":"2024-09-03 15:19:24"}
{"label":"src/app.js","level":"error","message":"This is test message","timestamp":"2024-09-03 15:19:38"}
{"label":"src/app.js","level":"info","message":{"method":"uploadFileToPinata","userInfo":{"user":{"email":"bashayer@gmail.com","id":"bashayer@gmail.com","orgId":"2","registrationType":"StudentOfHadith"}}},"timestamp":"2024-09-03 15:19:51"}
{"label":"src/app.js","level":"info","message":{"info":{"name":"Sand","url":"QmRTR3qTwGmufY49DGTvmE8KKA1ivD1GsNVx8jbBSNAUAm"},"method":"uploadFileToPinata","userInfo":{"user":{"email":"bashayer@gmail.com","id":"bashayer@gmail.com","orgId":"2","registrationType":"StudentOfHadith"}}},"timestamp":"2024-09-03 15:19:54"}
{"label":"src/app.js","level":"info","message":{"method":"uploadFileToPinata","userInfo":{"user":{"email":"bashayer@gmail.com","id":"bashayer@gmail.com","orgId":"2","registrationType":"StudentOfHadith"}}},"timestamp":"2024-09-03 15:20:00"}
{"label":"src/app.js","level":"info","message":{"info":{"name":"Sand","url":"QmRTR3qTwGmufY49DGTvmE8KKA1ivD1GsNVx8jbBSNAUAm"},"method":"uploadFileToPinata","userInfo":{"user":{"email":"bashayer@gmail.com","id":"bashayer@gmail.com","orgId":"2","registrationType":"StudentOfHadith"}}},"timestamp":"2024-09-03 15:20:03"}
{"label":"src/app.js","level":"error","message":"This is test message","timestamp":"2024-09-03 15:20:46"}
{"label":"src/app.js","level":"error","message":"This is test message","timestamp":"2024-09-03 15:21:08"}
