{"label":"src/app.js","level":"error","message":"This is test message","timestamp":"2024-09-01 08:09:50"}
{"label":"src/app.js","level":"info","message":{"method":"uploadFileToPinata","userInfo":{"user":{"email":"scholar2@gmail.com","id":"scholar2@gmail.com","orgId":"2","registrationType":"scholar"}}},"timestamp":"2024-09-01 08:10:13"}
{"label":"src/app.js","level":"info","message":{"info":{"name":"Sand","url":"QmRTR3qTwGmufY49DGTvmE8KKA1ivD1GsNVx8jbBSNAUAm"},"method":"uploadFileToPinata","userInfo":{"user":{"email":"scholar2@gmail.com","id":"scholar2@gmail.com","orgId":"2","registrationType":"scholar"}}},"timestamp":"2024-09-01 08:10:16"}
{"label":"src/app.js","level":"error","message":"This is test message","timestamp":"2024-09-01 08:11:40"}
{"label":"src/app.js","level":"error","message":"This is test message","timestamp":"2024-09-01 08:11:48"}
{"label":"src/app.js","level":"error","message":"This is test message","timestamp":"2024-09-01 08:11:57"}
{"label":"src/app.js","level":"error","message":"This is test message","timestamp":"2024-09-01 08:12:02"}
{"label":"src/app.js","level":"info","message":{"method":"uploadFileToPinata","userInfo":{"user":{"email":"scholar1@gmail.com","id":"scholar1@gmail.com","orgId":"1","registrationType":"scholar"}}},"timestamp":"2024-09-01 08:12:19"}
{"label":"src/app.js","level":"info","message":{"info":{"name":"Sand","url":"QmRTR3qTwGmufY49DGTvmE8KKA1ivD1GsNVx8jbBSNAUAm"},"method":"uploadFileToPinata","userInfo":{"user":{"email":"scholar1@gmail.com","id":"scholar1@gmail.com","orgId":"1","registrationType":"scholar"}}},"timestamp":"2024-09-01 08:12:22"}
{"label":"src/app.js","level":"info","message":{"method":"uploadFileToPinata","userInfo":{"user":{"email":"scholar1@gmail.com","id":"scholar1@gmail.com","orgId":"1","registrationType":"scholar"}}},"timestamp":"2024-09-01 08:29:32"}
{"label":"src/app.js","level":"info","message":{"info":{"name":"Sand","url":"QmRTR3qTwGmufY49DGTvmE8KKA1ivD1GsNVx8jbBSNAUAm"},"method":"uploadFileToPinata","userInfo":{"user":{"email":"scholar1@gmail.com","id":"scholar1@gmail.com","orgId":"1","registrationType":"scholar"}}},"timestamp":"2024-09-01 08:29:35"}
{"label":"src/app.js","level":"error","message":"This is test message","timestamp":"2024-09-01 08:50:50"}
{"label":"src/app.js","level":"error","message":"This is test message","timestamp":"2024-09-01 08:51:30"}
{"label":"src/app.js","level":"error","message":"This is test message","timestamp":"2024-09-01 08:51:51"}
{"label":"src/app.js","level":"info","message":{"method":"uploadFileToPinata","userInfo":{"user":{"email":"scholar1@gmail.com","id":"scholar1@gmail.com","orgId":"1","registrationType":"scholar"}}},"timestamp":"2024-09-01 09:03:20"}
{"label":"src/app.js","level":"info","message":{"info":{"name":"Sand","url":"QmRTR3qTwGmufY49DGTvmE8KKA1ivD1GsNVx8jbBSNAUAm"},"method":"uploadFileToPinata","userInfo":{"user":{"email":"scholar1@gmail.com","id":"scholar1@gmail.com","orgId":"1","registrationType":"scholar"}}},"timestamp":"2024-09-01 09:03:23"}
{"label":"src/app.js","level":"info","message":{"method":"uploadFileToPinata","userInfo":{"user":{"email":"scholar2@gmail.com","id":"scholar2@gmail.com","orgId":"2","registrationType":"scholar"}}},"timestamp":"2024-09-01 09:04:38"}
{"label":"src/app.js","level":"info","message":{"info":{"name":"Sand","url":"QmRTR3qTwGmufY49DGTvmE8KKA1ivD1GsNVx8jbBSNAUAm"},"method":"uploadFileToPinata","userInfo":{"user":{"email":"scholar2@gmail.com","id":"scholar2@gmail.com","orgId":"2","registrationType":"scholar"}}},"timestamp":"2024-09-01 09:04:41"}
{"label":"src/app.js","level":"error","message":"This is test message","timestamp":"2024-09-01 09:08:27"}
{"label":"src/app.js","level":"info","message":{"method":"uploadFileToPinata","userInfo":{"user":{"email":"albtool@gmail.com","id":"albtool@gmail.com","orgId":"2","registrationType":"scholar"}}},"timestamp":"2024-09-01 09:52:04"}
{"label":"src/app.js","level":"info","message":{"info":{"name":"Sand","url":"QmRTR3qTwGmufY49DGTvmE8KKA1ivD1GsNVx8jbBSNAUAm"},"method":"uploadFileToPinata","userInfo":{"user":{"email":"albtool@gmail.com","id":"albtool@gmail.com","orgId":"2","registrationType":"scholar"}}},"timestamp":"2024-09-01 09:52:09"}
{"label":"src/app.js","level":"error","message":"This is test message","timestamp":"2024-09-01 09:53:05"}
{"label":"src/app.js","level":"info","message":{"method":"uploadFileToPinata","userInfo":{"user":{"email":"bashayer@gmail.com","id":"bashayer@gmail.com","orgId":"2","registrationType":"StudentOfHadith"}}},"timestamp":"2024-09-01 09:56:10"}
{"label":"src/app.js","level":"info","message":{"info":{"name":"Sand","url":"QmRTR3qTwGmufY49DGTvmE8KKA1ivD1GsNVx8jbBSNAUAm"},"method":"uploadFileToPinata","userInfo":{"user":{"email":"bashayer@gmail.com","id":"bashayer@gmail.com","orgId":"2","registrationType":"StudentOfHadith"}}},"timestamp":"2024-09-01 09:56:13"}
{"label":"src/app.js","level":"info","message":{"method":"uploadFileToPinata","userInfo":{"user":{"email":"scholar1@gmail.com","id":"scholar1@gmail.com","orgId":"1","registrationType":"scholar"}}},"timestamp":"2024-09-01 09:58:42"}
{"label":"src/app.js","level":"info","message":{"info":{"name":"Sand","url":"QmRTR3qTwGmufY49DGTvmE8KKA1ivD1GsNVx8jbBSNAUAm"},"method":"uploadFileToPinata","userInfo":{"user":{"email":"scholar1@gmail.com","id":"scholar1@gmail.com","orgId":"1","registrationType":"scholar"}}},"timestamp":"2024-09-01 09:58:49"}
{"label":"src/app.js","level":"info","message":{"method":"uploadFileToPinata","userInfo":{"user":{"email":"scholar2@gmail.com","id":"scholar2@gmail.com","orgId":"2","registrationType":"scholar"}}},"timestamp":"2024-09-01 10:16:05"}
{"label":"src/app.js","level":"info","message":{"info":{"name":"Sand","url":"QmRTR3qTwGmufY49DGTvmE8KKA1ivD1GsNVx8jbBSNAUAm"},"method":"uploadFileToPinata","userInfo":{"user":{"email":"scholar2@gmail.com","id":"scholar2@gmail.com","orgId":"2","registrationType":"scholar"}}},"timestamp":"2024-09-01 10:16:08"}
{"label":"src/app.js","level":"info","message":{"method":"uploadFileToPinata","userInfo":{"user":{"email":"scholar1@gmail.com","id":"scholar1@gmail.com","orgId":"1","registrationType":"scholar"}}},"timestamp":"2024-09-01 10:19:07"}
{"label":"src/app.js","level":"info","message":{"info":{"name":"Sand","url":"QmRTR3qTwGmufY49DGTvmE8KKA1ivD1GsNVx8jbBSNAUAm"},"method":"uploadFileToPinata","userInfo":{"user":{"email":"scholar1@gmail.com","id":"scholar1@gmail.com","orgId":"1","registrationType":"scholar"}}},"timestamp":"2024-09-01 10:19:10"}
{"label":"src/app.js","level":"error","message":"This is test message","timestamp":"2024-09-01 10:22:25"}
{"label":"src/app.js","level":"error","message":"This is test message","timestamp":"2024-09-01 10:23:30"}
{"label":"src/app.js","level":"info","message":{"method":"uploadFileToPinata","userInfo":{"user":{"email":"scholar2@gmail.com","id":"scholar2@gmail.com","orgId":"2","registrationType":"scholar"}}},"timestamp":"2024-09-01 10:27:03"}
{"label":"src/app.js","level":"info","message":{"info":{"name":"Sand","url":"QmRTR3qTwGmufY49DGTvmE8KKA1ivD1GsNVx8jbBSNAUAm"},"method":"uploadFileToPinata","userInfo":{"user":{"email":"scholar2@gmail.com","id":"scholar2@gmail.com","orgId":"2","registrationType":"scholar"}}},"timestamp":"2024-09-01 10:27:06"}
{"label":"src/app.js","level":"error","message":"This is test message","timestamp":"2024-09-01 10:49:32"}
{"label":"src/app.js","level":"info","message":{"method":"uploadFileToPinata","userInfo":{"user":{"email":"scholar1@gmail.com","id":"scholar1@gmail.com","orgId":"1","registrationType":"scholar"}}},"timestamp":"2024-09-01 12:14:48"}
{"label":"src/app.js","level":"info","message":{"info":{"name":"Sand","url":"QmRTR3qTwGmufY49DGTvmE8KKA1ivD1GsNVx8jbBSNAUAm"},"method":"uploadFileToPinata","userInfo":{"user":{"email":"scholar1@gmail.com","id":"scholar1@gmail.com","orgId":"1","registrationType":"scholar"}}},"timestamp":"2024-09-01 12:14:58"}
{"label":"src/app.js","level":"info","message":{"method":"uploadFileToPinata","userInfo":{"user":{"email":"scholar2@gmail.com","id":"scholar2@gmail.com","orgId":"2","registrationType":"scholar"}}},"timestamp":"2024-09-01 12:27:29"}
{"label":"src/app.js","level":"info","message":{"info":{"name":"Sand","url":"QmRTR3qTwGmufY49DGTvmE8KKA1ivD1GsNVx8jbBSNAUAm"},"method":"uploadFileToPinata","userInfo":{"user":{"email":"scholar2@gmail.com","id":"scholar2@gmail.com","orgId":"2","registrationType":"scholar"}}},"timestamp":"2024-09-01 12:27:33"}
{"label":"src/app.js","level":"info","message":{"method":"uploadFileToPinata","userInfo":{"user":{"email":"scholar1@gmail.com","id":"scholar1@gmail.com","orgId":"1","registrationType":"scholar"}}},"timestamp":"2024-09-01 12:30:52"}
{"label":"src/app.js","level":"info","message":{"info":{"name":"Sand","url":"QmRTR3qTwGmufY49DGTvmE8KKA1ivD1GsNVx8jbBSNAUAm"},"method":"uploadFileToPinata","userInfo":{"user":{"email":"scholar1@gmail.com","id":"scholar1@gmail.com","orgId":"1","registrationType":"scholar"}}},"timestamp":"2024-09-01 12:30:57"}
{"label":"src/app.js","level":"info","message":{"method":"uploadFileToPinata","userInfo":{"user":{"email":"scholar1@gmail.com","id":"scholar1@gmail.com","orgId":"1","registrationType":"scholar"}}},"timestamp":"2024-09-01 12:48:16"}
{"label":"src/app.js","level":"info","message":{"info":{"name":"Sand","url":"QmRTR3qTwGmufY49DGTvmE8KKA1ivD1GsNVx8jbBSNAUAm"},"method":"uploadFileToPinata","userInfo":{"user":{"email":"scholar1@gmail.com","id":"scholar1@gmail.com","orgId":"1","registrationType":"scholar"}}},"timestamp":"2024-09-01 12:48:19"}
{"label":"src/app.js","level":"info","message":{"method":"uploadFileToPinata","userInfo":{"user":{"email":"bashayer@gmail.com","id":"bashayer@gmail.com","orgId":"2","registrationType":"StudentOfHadith"}}},"timestamp":"2024-09-01 13:04:32"}
{"label":"src/app.js","level":"info","message":{"info":{"name":"Sand","url":"QmRTR3qTwGmufY49DGTvmE8KKA1ivD1GsNVx8jbBSNAUAm"},"method":"uploadFileToPinata","userInfo":{"user":{"email":"bashayer@gmail.com","id":"bashayer@gmail.com","orgId":"2","registrationType":"StudentOfHadith"}}},"timestamp":"2024-09-01 13:04:35"}
{"label":"src/app.js","level":"info","message":{"method":"uploadFileToPinata","userInfo":{"user":{"email":"scholar2@gmail.com","id":"scholar2@gmail.com","orgId":"2","registrationType":"scholar"}}},"timestamp":"2024-09-01 13:07:18"}
{"label":"src/app.js","level":"info","message":{"info":{"name":"Sand","url":"QmRTR3qTwGmufY49DGTvmE8KKA1ivD1GsNVx8jbBSNAUAm"},"method":"uploadFileToPinata","userInfo":{"user":{"email":"scholar2@gmail.com","id":"scholar2@gmail.com","orgId":"2","registrationType":"scholar"}}},"timestamp":"2024-09-01 13:07:21"}
{"label":"src/app.js","level":"info","message":{"method":"uploadFileToPinata","userInfo":{"user":{"email":"scholar2@gmail.com","id":"scholar2@gmail.com","orgId":"2","registrationType":"scholar"}}},"timestamp":"2024-09-01 13:07:41"}
{"label":"src/app.js","level":"info","message":{"info":{"name":"Sand","url":"QmRTR3qTwGmufY49DGTvmE8KKA1ivD1GsNVx8jbBSNAUAm"},"method":"uploadFileToPinata","userInfo":{"user":{"email":"scholar2@gmail.com","id":"scholar2@gmail.com","orgId":"2","registrationType":"scholar"}}},"timestamp":"2024-09-01 13:07:43"}
{"label":"src/app.js","level":"error","message":"This is test message","timestamp":"2024-09-01 17:23:32"}
{"date":"Sun Sep 01 2024 17:23:33 GMT+0300 (Arabian Standard Time)","error":{"address":"::","code":"EADDRINUSE","errno":-48,"port":3000,"syscall":"listen"},"exception":true,"label":"src/app.js","level":"error","message":"uncaughtException: listen EADDRINUSE: address already in use :::3000\nError: listen EADDRINUSE: address already in use :::3000\n    at Server.setupListenHandle [as _listen2] (node:net:1872:16)\n    at listenInCluster (node:net:1920:12)\n    at Server.listen (node:net:2008:7)\n    at Function.listen (/Users/bshayralkhlyfh/Desktop/t/H/hadith-blockchain/api/node_modules/express/lib/application.js:635:24)\n    at /Users/bshayralkhlyfh/Desktop/t/H/hadith-blockchain/api/src/index.js:11:16\n    at process.processTicksAndRejections (node:internal/process/task_queues:95:5)","os":{"loadavg":[4.14599609375,4.10595703125,3.43994140625],"uptime":123122},"process":{"argv":["/usr/local/bin/node","/Users/bshayralkhlyfh/Desktop/t/H/hadith-blockchain/api/src/index.js","src/index.js"],"cwd":"/Users/bshayralkhlyfh/Desktop/t/H/hadith-blockchain/api","execPath":"/usr/local/bin/node","gid":20,"memoryUsage":{"arrayBuffers":18347358,"external":22311361,"heapTotal":107966464,"heapUsed":80534520,"rss":173015040},"pid":47421,"uid":501,"version":"v20.10.0"},"stack":"Error: listen EADDRINUSE: address already in use :::3000\n    at Server.setupListenHandle [as _listen2] (node:net:1872:16)\n    at listenInCluster (node:net:1920:12)\n    at Server.listen (node:net:2008:7)\n    at Function.listen (/Users/bshayralkhlyfh/Desktop/t/H/hadith-blockchain/api/node_modules/express/lib/application.js:635:24)\n    at /Users/bshayralkhlyfh/Desktop/t/H/hadith-blockchain/api/src/index.js:11:16\n    at process.processTicksAndRejections (node:internal/process/task_queues:95:5)","timestamp":"2024-09-01 17:23:33","trace":[{"column":16,"file":"node:net","function":"Server.setupListenHandle [as _listen2]","line":1872,"method":"setupListenHandle [as _listen2]","native":false},{"column":12,"file":"node:net","function":"listenInCluster","line":1920,"method":null,"native":false},{"column":7,"file":"node:net","function":"Server.listen","line":2008,"method":"listen","native":false},{"column":24,"file":"/Users/bshayralkhlyfh/Desktop/t/H/hadith-blockchain/api/node_modules/express/lib/application.js","function":"Function.listen","line":635,"method":"listen","native":false},{"column":16,"file":"/Users/bshayralkhlyfh/Desktop/t/H/hadith-blockchain/api/src/index.js","function":null,"line":11,"method":null,"native":false},{"column":5,"file":"node:internal/process/task_queues","function":"process.processTicksAndRejections","line":95,"method":"processTicksAndRejections","native":false}]}
{"label":"src/app.js","level":"error","message":"This is test message","timestamp":"2024-09-01 17:24:34"}
{"label":"src/app.js","level":"error","message":"This is test message","timestamp":"2024-09-01 17:27:13"}
{"label":"src/app.js","level":"error","message":"This is test message","timestamp":"2024-09-01 17:36:18"}
{"label":"src/app.js","level":"info","message":{"method":"uploadFileToPinata","userInfo":{"user":{"email":"scholar1@gmail.com","id":"scholar1@gmail.com","orgId":"1","registrationType":"scholar"}}},"timestamp":"2024-09-01 17:36:26"}
{"label":"src/app.js","level":"info","message":{"info":{"name":"Sand","url":"QmRTR3qTwGmufY49DGTvmE8KKA1ivD1GsNVx8jbBSNAUAm"},"method":"uploadFileToPinata","userInfo":{"user":{"email":"scholar1@gmail.com","id":"scholar1@gmail.com","orgId":"1","registrationType":"scholar"}}},"timestamp":"2024-09-01 17:36:30"}
{"label":"src/app.js","level":"info","message":{"method":"uploadFileToPinata","userInfo":{"user":{"email":"scholar1@gmail.com","id":"scholar1@gmail.com","orgId":"1","registrationType":"scholar"}}},"timestamp":"2024-09-01 18:14:52"}
{"label":"src/app.js","level":"info","message":{"info":{"name":"Sand","url":"QmRTR3qTwGmufY49DGTvmE8KKA1ivD1GsNVx8jbBSNAUAm"},"method":"uploadFileToPinata","userInfo":{"user":{"email":"scholar1@gmail.com","id":"scholar1@gmail.com","orgId":"1","registrationType":"scholar"}}},"timestamp":"2024-09-01 18:14:57"}
{"label":"src/app.js","level":"error","message":"This is test message","timestamp":"2024-09-01 18:20:51"}
{"label":"src/app.js","level":"info","message":{"method":"uploadFileToPinata","userInfo":{"user":{"email":"scholar1@gmail.com","id":"scholar1@gmail.com","orgId":"1","registrationType":"scholar"}}},"timestamp":"2024-09-01 18:21:07"}
{"label":"src/app.js","level":"info","message":{"info":{"name":"Sand","url":"QmRTR3qTwGmufY49DGTvmE8KKA1ivD1GsNVx8jbBSNAUAm"},"method":"uploadFileToPinata","userInfo":{"user":{"email":"scholar1@gmail.com","id":"scholar1@gmail.com","orgId":"1","registrationType":"scholar"}}},"timestamp":"2024-09-01 18:21:10"}
{"label":"src/app.js","level":"info","message":{"method":"uploadFileToPinata","userInfo":{"user":{"email":"scholar2@gmail.com","id":"scholar2@gmail.com","orgId":"2","registrationType":"scholar"}}},"timestamp":"2024-09-01 18:22:46"}
{"label":"src/app.js","level":"info","message":{"info":{"name":"Sand","url":"QmRTR3qTwGmufY49DGTvmE8KKA1ivD1GsNVx8jbBSNAUAm"},"method":"uploadFileToPinata","userInfo":{"user":{"email":"scholar2@gmail.com","id":"scholar2@gmail.com","orgId":"2","registrationType":"scholar"}}},"timestamp":"2024-09-01 18:22:49"}
{"label":"src/app.js","level":"error","message":"This is test message","timestamp":"2024-09-01 20:27:13"}
{"label":"src/app.js","level":"error","message":"This is test message","timestamp":"2024-09-01 20:28:13"}
{"label":"src/app.js","level":"error","message":"This is test message","timestamp":"2024-09-01 20:28:46"}
{"label":"src/app.js","level":"error","message":"This is test message","timestamp":"2024-09-01 20:29:25"}
{"label":"src/app.js","level":"error","message":"This is test message","timestamp":"2024-09-01 20:30:32"}
{"label":"src/app.js","level":"error","message":"This is test message","timestamp":"2024-09-01 20:30:43"}
{"label":"src/app.js","level":"error","message":"This is test message","timestamp":"2024-09-01 20:30:48"}
{"label":"src/app.js","level":"info","message":{"method":"uploadFileToPinata","userInfo":{"user":{"email":"bashayer@gmail.com","id":"bashayer@gmail.com","orgId":"2","registrationType":"StudentOfHadith"}}},"timestamp":"2024-09-01 20:47:41"}
{"label":"src/app.js","level":"info","message":{"info":{"name":"Sand","url":"QmRTR3qTwGmufY49DGTvmE8KKA1ivD1GsNVx8jbBSNAUAm"},"method":"uploadFileToPinata","userInfo":{"user":{"email":"bashayer@gmail.com","id":"bashayer@gmail.com","orgId":"2","registrationType":"StudentOfHadith"}}},"timestamp":"2024-09-01 20:47:45"}
{"label":"src/app.js","level":"info","message":{"method":"uploadFileToPinata","userInfo":{"user":{"email":"scholar2@gmail.com","id":"scholar2@gmail.com","orgId":"2","registrationType":"scholar"}}},"timestamp":"2024-09-01 20:50:28"}
{"label":"src/app.js","level":"info","message":{"info":{"name":"Sand","url":"QmRTR3qTwGmufY49DGTvmE8KKA1ivD1GsNVx8jbBSNAUAm"},"method":"uploadFileToPinata","userInfo":{"user":{"email":"scholar2@gmail.com","id":"scholar2@gmail.com","orgId":"2","registrationType":"scholar"}}},"timestamp":"2024-09-01 20:50:32"}
{"label":"src/app.js","level":"info","message":{"method":"uploadFileToPinata","userInfo":{"user":{"email":"scholar2@gmail.com","id":"scholar2@gmail.com","orgId":"2","registrationType":"scholar"}}},"timestamp":"2024-09-01 20:55:53"}
{"label":"src/app.js","level":"info","message":{"info":{"name":"Sand","url":"QmRTR3qTwGmufY49DGTvmE8KKA1ivD1GsNVx8jbBSNAUAm"},"method":"uploadFileToPinata","userInfo":{"user":{"email":"scholar2@gmail.com","id":"scholar2@gmail.com","orgId":"2","registrationType":"scholar"}}},"timestamp":"2024-09-01 20:55:56"}
{"label":"src/app.js","level":"info","message":{"method":"uploadFileToPinata","userInfo":{"user":{"email":"scholar1@gmail.com","id":"scholar1@gmail.com","orgId":"1","registrationType":"scholar"}}},"timestamp":"2024-09-01 20:56:31"}
{"label":"src/app.js","level":"info","message":{"info":{"name":"Sand","url":"QmRTR3qTwGmufY49DGTvmE8KKA1ivD1GsNVx8jbBSNAUAm"},"method":"uploadFileToPinata","userInfo":{"user":{"email":"scholar1@gmail.com","id":"scholar1@gmail.com","orgId":"1","registrationType":"scholar"}}},"timestamp":"2024-09-01 20:56:33"}
{"label":"src/app.js","level":"info","message":{"method":"uploadFileToPinata","userInfo":{"user":{"email":"scholar1@gmail.com","id":"scholar1@gmail.com","orgId":"1","registrationType":"scholar"}}},"timestamp":"2024-09-01 21:02:05"}
{"label":"src/app.js","level":"info","message":{"info":{"name":"Sand","url":"QmRTR3qTwGmufY49DGTvmE8KKA1ivD1GsNVx8jbBSNAUAm"},"method":"uploadFileToPinata","userInfo":{"user":{"email":"scholar1@gmail.com","id":"scholar1@gmail.com","orgId":"1","registrationType":"scholar"}}},"timestamp":"2024-09-01 21:02:08"}
{"label":"src/app.js","level":"info","message":{"method":"uploadFileToPinata","userInfo":{"user":{"email":"scholar2@gmail.com","id":"scholar2@gmail.com","orgId":"2","registrationType":"scholar"}}},"timestamp":"2024-09-01 21:02:50"}
{"label":"src/app.js","level":"info","message":{"info":{"name":"Sand","url":"QmRTR3qTwGmufY49DGTvmE8KKA1ivD1GsNVx8jbBSNAUAm"},"method":"uploadFileToPinata","userInfo":{"user":{"email":"scholar2@gmail.com","id":"scholar2@gmail.com","orgId":"2","registrationType":"scholar"}}},"timestamp":"2024-09-01 21:02:52"}
{"label":"src/app.js","level":"info","message":{"method":"uploadFileToPinata","userInfo":{"user":{"email":"scholar2@gmail.com","id":"scholar2@gmail.com","orgId":"2","registrationType":"scholar"}}},"timestamp":"2024-09-01 21:09:53"}
{"label":"src/app.js","level":"info","message":{"info":{"name":"Sand","url":"QmRTR3qTwGmufY49DGTvmE8KKA1ivD1GsNVx8jbBSNAUAm"},"method":"uploadFileToPinata","userInfo":{"user":{"email":"scholar2@gmail.com","id":"scholar2@gmail.com","orgId":"2","registrationType":"scholar"}}},"timestamp":"2024-09-01 21:09:57"}
{"label":"src/app.js","level":"info","message":{"method":"uploadFileToPinata","userInfo":{"user":{"email":"scholar1@gmail.com","id":"scholar1@gmail.com","orgId":"1","registrationType":"scholar"}}},"timestamp":"2024-09-01 21:10:42"}
{"label":"src/app.js","level":"info","message":{"info":{"name":"Sand","url":"QmRTR3qTwGmufY49DGTvmE8KKA1ivD1GsNVx8jbBSNAUAm"},"method":"uploadFileToPinata","userInfo":{"user":{"email":"scholar1@gmail.com","id":"scholar1@gmail.com","orgId":"1","registrationType":"scholar"}}},"timestamp":"2024-09-01 21:10:45"}
{"label":"src/app.js","level":"error","message":"This is test message","timestamp":"2024-09-01 21:14:50"}
{"label":"src/app.js","level":"info","message":{"method":"uploadFileToPinata","userInfo":{"user":{"email":"scholar1@gmail.com","id":"scholar1@gmail.com","orgId":"1","registrationType":"scholar"}}},"timestamp":"2024-09-01 21:15:04"}
{"label":"src/app.js","level":"info","message":{"info":{"name":"Sand","url":"QmRTR3qTwGmufY49DGTvmE8KKA1ivD1GsNVx8jbBSNAUAm"},"method":"uploadFileToPinata","userInfo":{"user":{"email":"scholar1@gmail.com","id":"scholar1@gmail.com","orgId":"1","registrationType":"scholar"}}},"timestamp":"2024-09-01 21:15:09"}
{"label":"src/app.js","level":"info","message":{"method":"uploadFileToPinata","userInfo":{"user":{"email":"scholar2@gmail.com","id":"scholar2@gmail.com","orgId":"2","registrationType":"scholar"}}},"timestamp":"2024-09-01 21:15:45"}
{"label":"src/app.js","level":"info","message":{"info":{"name":"Sand","url":"QmRTR3qTwGmufY49DGTvmE8KKA1ivD1GsNVx8jbBSNAUAm"},"method":"uploadFileToPinata","userInfo":{"user":{"email":"scholar2@gmail.com","id":"scholar2@gmail.com","orgId":"2","registrationType":"scholar"}}},"timestamp":"2024-09-01 21:15:47"}
{"label":"src/app.js","level":"error","message":"This is test message","timestamp":"2024-09-01 21:37:35"}
{"label":"src/app.js","level":"error","message":"This is test message","timestamp":"2024-09-01 21:41:53"}
{"label":"src/app.js","level":"error","message":"This is test message","timestamp":"2024-09-01 21:42:40"}
