{"label":"src/app.js","level":"error","message":"This is test message","timestamp":"2024-08-28 09:14:55"}
{"label":"src/app.js","level":"info","message":{"method":"uploadFileToPinata","userInfo":{"user":{"email":"admin2@gmail.com","id":"admin2@gmail.com","orgId":"2","registrationType":"user"}}},"timestamp":"2024-08-28 09:16:19"}
{"label":"src/app.js","level":"info","message":{"method":"uploadFileToPinata","userInfo":{"user":{"email":"admin2@gmail.com","id":"admin2@gmail.com","orgId":"2","registrationType":"user"}}},"timestamp":"2024-08-28 09:16:29"}
{"label":"src/app.js","level":"error","message":{"error":"No files selected","method":"uploadFileToPinata","userInfo":{"user":{"email":"admin2@gmail.com","id":"admin2@gmail.com","orgId":"2","registrationType":"user"}}},"timestamp":"2024-08-28 09:16:29"}
{"label":"src/app.js","level":"info","message":{"method":"uploadFileToPinata","userInfo":{"user":{"email":"admin2@gmail.com","id":"admin2@gmail.com","orgId":"2","registrationType":"user"}}},"timestamp":"2024-08-28 09:16:45"}
{"label":"src/app.js","level":"info","message":{"info":{"name":"Sand","url":"QmRTR3qTwGmufY49DGTvmE8KKA1ivD1GsNVx8jbBSNAUAm"},"method":"uploadFileToPinata","userInfo":{"user":{"email":"admin2@gmail.com","id":"admin2@gmail.com","orgId":"2","registrationType":"user"}}},"timestamp":"2024-08-28 09:16:49"}
{"label":"src/app.js","level":"error","message":"This is test message","timestamp":"2024-08-28 09:17:58"}
{"label":"src/app.js","level":"error","message":"This is test message","timestamp":"2024-08-28 09:18:05"}
{"label":"src/app.js","level":"error","message":"This is test message","timestamp":"2024-08-28 09:18:14"}
{"label":"src/app.js","level":"info","message":{"method":"uploadFileToPinata","userInfo":{"user":{"email":"admin2@gmail.com","id":"admin2@gmail.com","orgId":"2","registrationType":"user"}}},"timestamp":"2024-08-28 09:18:27"}
{"label":"src/app.js","level":"info","message":{"info":{"name":"Sand","url":"QmRTR3qTwGmufY49DGTvmE8KKA1ivD1GsNVx8jbBSNAUAm"},"method":"uploadFileToPinata","userInfo":{"user":{"email":"admin2@gmail.com","id":"admin2@gmail.com","orgId":"2","registrationType":"user"}}},"timestamp":"2024-08-28 09:18:30"}
{"label":"src/app.js","level":"info","message":{"method":"uploadFileToPinata","userInfo":{"user":{"email":"admin2@gmail.com","id":"admin2@gmail.com","orgId":"2","registrationType":"user"}}},"timestamp":"2024-08-28 09:27:32"}
{"label":"src/app.js","level":"info","message":{"info":{"name":"Sand","url":"QmRTR3qTwGmufY49DGTvmE8KKA1ivD1GsNVx8jbBSNAUAm"},"method":"uploadFileToPinata","userInfo":{"user":{"email":"admin2@gmail.com","id":"admin2@gmail.com","orgId":"2","registrationType":"user"}}},"timestamp":"2024-08-28 09:27:35"}
{"label":"src/app.js","level":"info","message":{"method":"uploadFileToPinata","userInfo":{"user":{"email":"admin2@gmail.com","id":"admin2@gmail.com","orgId":"2","registrationType":"user"}}},"timestamp":"2024-08-28 09:29:48"}
{"label":"src/app.js","level":"info","message":{"info":{"name":"Sand","url":"QmRTR3qTwGmufY49DGTvmE8KKA1ivD1GsNVx8jbBSNAUAm"},"method":"uploadFileToPinata","userInfo":{"user":{"email":"admin2@gmail.com","id":"admin2@gmail.com","orgId":"2","registrationType":"user"}}},"timestamp":"2024-08-28 09:29:51"}
{"label":"src/app.js","level":"info","message":{"method":"uploadFileToPinata","userInfo":{"user":{"email":"albtool@gmail.com","id":"albtool@gmail.com","orgId":"2","registrationType":"scholar"}}},"timestamp":"2024-08-28 09:30:04"}
{"label":"src/app.js","level":"info","message":{"info":{"name":"Sand","url":"QmRTR3qTwGmufY49DGTvmE8KKA1ivD1GsNVx8jbBSNAUAm"},"method":"uploadFileToPinata","userInfo":{"user":{"email":"albtool@gmail.com","id":"albtool@gmail.com","orgId":"2","registrationType":"scholar"}}},"timestamp":"2024-08-28 09:30:06"}
{"label":"src/app.js","level":"error","message":"This is test message","timestamp":"2024-08-28 09:36:18"}
{"label":"src/app.js","level":"error","message":"This is test message","timestamp":"2024-08-28 09:36:24"}
{"label":"src/app.js","level":"error","message":"This is test message","timestamp":"2024-08-28 09:36:33"}
{"label":"src/app.js","level":"error","message":"This is test message","timestamp":"2024-08-28 09:36:36"}
{"label":"src/app.js","level":"error","message":"This is test message","timestamp":"2024-08-28 09:36:39"}
{"label":"src/app.js","level":"error","message":"This is test message","timestamp":"2024-08-28 09:36:47"}
{"label":"src/app.js","level":"error","message":"This is test message","timestamp":"2024-08-28 09:36:59"}
{"label":"src/app.js","level":"error","message":"This is test message","timestamp":"2024-08-28 09:37:27"}
{"label":"src/app.js","level":"error","message":"This is test message","timestamp":"2024-08-28 09:37:32"}
{"label":"src/app.js","level":"error","message":"This is test message","timestamp":"2024-08-28 09:37:52"}
{"label":"src/app.js","level":"error","message":"This is test message","timestamp":"2024-08-28 09:38:10"}
{"label":"src/app.js","level":"error","message":"This is test message","timestamp":"2024-08-28 09:38:12"}
{"label":"src/app.js","level":"error","message":"This is test message","timestamp":"2024-08-28 10:02:44"}
{"label":"src/app.js","level":"info","message":{"method":"uploadFileToPinata","userInfo":{"user":{"email":"bashayer@gmail.com","id":"bashayer@gmail.com","orgId":"2","registrationType":"StudentOfHadith"}}},"timestamp":"2024-08-28 10:12:03"}
{"label":"src/app.js","level":"info","message":{"info":{"name":"Sand","url":"QmRTR3qTwGmufY49DGTvmE8KKA1ivD1GsNVx8jbBSNAUAm"},"method":"uploadFileToPinata","userInfo":{"user":{"email":"bashayer@gmail.com","id":"bashayer@gmail.com","orgId":"2","registrationType":"StudentOfHadith"}}},"timestamp":"2024-08-28 10:12:06"}
{"label":"src/app.js","level":"info","message":{"method":"uploadFileToPinata","userInfo":{"user":{"email":"bashayer@gmail.com","id":"bashayer@gmail.com","orgId":"2","registrationType":"StudentOfHadith"}}},"timestamp":"2024-08-28 10:12:19"}
{"label":"src/app.js","level":"info","message":{"info":{"name":"Sand","url":"QmRTR3qTwGmufY49DGTvmE8KKA1ivD1GsNVx8jbBSNAUAm"},"method":"uploadFileToPinata","userInfo":{"user":{"email":"bashayer@gmail.com","id":"bashayer@gmail.com","orgId":"2","registrationType":"StudentOfHadith"}}},"timestamp":"2024-08-28 10:12:21"}
{"label":"src/app.js","level":"info","message":{"method":"uploadFileToPinata","userInfo":{"user":{"email":"bashayeraa@gmail.com","id":"bashayeraa@gmail.com","orgId":"2","registrationType":"user"}}},"timestamp":"2024-08-28 10:14:34"}
{"label":"src/app.js","level":"info","message":{"info":{"name":"Sand","url":"QmRTR3qTwGmufY49DGTvmE8KKA1ivD1GsNVx8jbBSNAUAm"},"method":"uploadFileToPinata","userInfo":{"user":{"email":"bashayeraa@gmail.com","id":"bashayeraa@gmail.com","orgId":"2","registrationType":"user"}}},"timestamp":"2024-08-28 10:14:37"}
{"label":"src/app.js","level":"info","message":{"method":"uploadFileToPinata","userInfo":{"user":{"email":"bashayeraa@gmail.com","id":"bashayeraa@gmail.com","orgId":"2","registrationType":"user"}}},"timestamp":"2024-08-28 10:48:56"}
{"label":"src/app.js","level":"info","message":{"info":{"name":"Sand","url":"QmRTR3qTwGmufY49DGTvmE8KKA1ivD1GsNVx8jbBSNAUAm"},"method":"uploadFileToPinata","userInfo":{"user":{"email":"bashayeraa@gmail.com","id":"bashayeraa@gmail.com","orgId":"2","registrationType":"user"}}},"timestamp":"2024-08-28 10:48:59"}
{"label":"src/app.js","level":"info","message":{"method":"uploadFileToPinata","userInfo":{"user":{"email":"admin2@gmail.com","id":"admin2@gmail.com","orgId":"2","registrationType":"user"}}},"timestamp":"2024-08-28 10:49:16"}
{"label":"src/app.js","level":"info","message":{"info":{"name":"Sand","url":"QmRTR3qTwGmufY49DGTvmE8KKA1ivD1GsNVx8jbBSNAUAm"},"method":"uploadFileToPinata","userInfo":{"user":{"email":"admin2@gmail.com","id":"admin2@gmail.com","orgId":"2","registrationType":"user"}}},"timestamp":"2024-08-28 10:49:18"}
{"label":"src/app.js","level":"info","message":{"method":"uploadFileToPinata","userInfo":{"user":{"email":"bashayer@gmail.com","id":"bashayer@gmail.com","orgId":"2","registrationType":"StudentOfHadith"}}},"timestamp":"2024-08-28 10:49:30"}
{"label":"src/app.js","level":"info","message":{"info":{"name":"Sand","url":"QmRTR3qTwGmufY49DGTvmE8KKA1ivD1GsNVx8jbBSNAUAm"},"method":"uploadFileToPinata","userInfo":{"user":{"email":"bashayer@gmail.com","id":"bashayer@gmail.com","orgId":"2","registrationType":"StudentOfHadith"}}},"timestamp":"2024-08-28 10:49:33"}
{"label":"src/app.js","level":"info","message":{"method":"uploadFileToPinata","userInfo":{"user":{"email":"albtool@gmail.com","id":"albtool@gmail.com","orgId":"2","registrationType":"scholar"}}},"timestamp":"2024-08-28 10:49:58"}
{"label":"src/app.js","level":"info","message":{"info":{"name":"Sand","url":"QmRTR3qTwGmufY49DGTvmE8KKA1ivD1GsNVx8jbBSNAUAm"},"method":"uploadFileToPinata","userInfo":{"user":{"email":"albtool@gmail.com","id":"albtool@gmail.com","orgId":"2","registrationType":"scholar"}}},"timestamp":"2024-08-28 10:50:01"}
{"label":"src/app.js","level":"info","message":{"method":"uploadFileToPinata","userInfo":{"user":{"email":"albtool@gmail.com","id":"albtool@gmail.com","orgId":"2","registrationType":"scholar"}}},"timestamp":"2024-08-28 10:51:35"}
{"label":"src/app.js","level":"info","message":{"info":{"name":"Sand","url":"QmRTR3qTwGmufY49DGTvmE8KKA1ivD1GsNVx8jbBSNAUAm"},"method":"uploadFileToPinata","userInfo":{"user":{"email":"albtool@gmail.com","id":"albtool@gmail.com","orgId":"2","registrationType":"scholar"}}},"timestamp":"2024-08-28 10:51:38"}
{"label":"src/app.js","level":"error","message":"This is test message","timestamp":"2024-08-28 11:03:38"}
{"label":"src/app.js","level":"info","message":{"method":"uploadFileToPinata","userInfo":{"user":{"email":"albtool@gmail.com","id":"albtool@gmail.com","orgId":"2","registrationType":"scholar"}}},"timestamp":"2024-08-28 11:06:08"}
{"label":"src/app.js","level":"info","message":{"info":{"name":"Sand","url":"QmRTR3qTwGmufY49DGTvmE8KKA1ivD1GsNVx8jbBSNAUAm"},"method":"uploadFileToPinata","userInfo":{"user":{"email":"albtool@gmail.com","id":"albtool@gmail.com","orgId":"2","registrationType":"scholar"}}},"timestamp":"2024-08-28 11:06:11"}
{"label":"src/app.js","level":"info","message":{"method":"uploadFileToPinata","userInfo":{"user":{"email":"bashayer@gmail.com","id":"bashayer@gmail.com","orgId":"2","registrationType":"StudentOfHadith"}}},"timestamp":"2024-08-28 11:11:08"}
{"label":"src/app.js","level":"info","message":{"info":{"name":"Sand","url":"QmRTR3qTwGmufY49DGTvmE8KKA1ivD1GsNVx8jbBSNAUAm"},"method":"uploadFileToPinata","userInfo":{"user":{"email":"bashayer@gmail.com","id":"bashayer@gmail.com","orgId":"2","registrationType":"StudentOfHadith"}}},"timestamp":"2024-08-28 11:11:12"}
{"label":"src/app.js","level":"info","message":{"method":"uploadFileToPinata","userInfo":{"user":{"email":"bashayer@gmail.com","id":"bashayer@gmail.com","orgId":"2","registrationType":"StudentOfHadith"}}},"timestamp":"2024-08-28 11:20:01"}
{"label":"src/app.js","level":"info","message":{"info":{"name":"Sand","url":"QmRTR3qTwGmufY49DGTvmE8KKA1ivD1GsNVx8jbBSNAUAm"},"method":"uploadFileToPinata","userInfo":{"user":{"email":"bashayer@gmail.com","id":"bashayer@gmail.com","orgId":"2","registrationType":"StudentOfHadith"}}},"timestamp":"2024-08-28 11:20:04"}
{"label":"src/app.js","level":"info","message":{"method":"uploadFileToPinata","userInfo":{"user":{"email":"bashayer@gmail.com","id":"bashayer@gmail.com","orgId":"2","registrationType":"StudentOfHadith"}}},"timestamp":"2024-08-28 11:20:12"}
{"label":"src/app.js","level":"info","message":{"info":{"name":"Sand","url":"QmRTR3qTwGmufY49DGTvmE8KKA1ivD1GsNVx8jbBSNAUAm"},"method":"uploadFileToPinata","userInfo":{"user":{"email":"bashayer@gmail.com","id":"bashayer@gmail.com","orgId":"2","registrationType":"StudentOfHadith"}}},"timestamp":"2024-08-28 11:20:14"}
{"label":"src/app.js","level":"info","message":{"method":"uploadFileToPinata","userInfo":{"user":{"email":"bashayeraa@gmail.com","id":"bashayeraa@gmail.com","orgId":"2","registrationType":"user"}}},"timestamp":"2024-08-28 11:20:35"}
{"label":"src/app.js","level":"info","message":{"info":{"name":"Sand","url":"QmRTR3qTwGmufY49DGTvmE8KKA1ivD1GsNVx8jbBSNAUAm"},"method":"uploadFileToPinata","userInfo":{"user":{"email":"bashayeraa@gmail.com","id":"bashayeraa@gmail.com","orgId":"2","registrationType":"user"}}},"timestamp":"2024-08-28 11:20:37"}
{"label":"src/app.js","level":"info","message":{"method":"uploadFileToPinata","userInfo":{"user":{"email":"albtool@gmail.com","id":"albtool@gmail.com","orgId":"2","registrationType":"scholar"}}},"timestamp":"2024-08-28 11:20:57"}
{"label":"src/app.js","level":"info","message":{"info":{"name":"Sand","url":"QmRTR3qTwGmufY49DGTvmE8KKA1ivD1GsNVx8jbBSNAUAm"},"method":"uploadFileToPinata","userInfo":{"user":{"email":"albtool@gmail.com","id":"albtool@gmail.com","orgId":"2","registrationType":"scholar"}}},"timestamp":"2024-08-28 11:20:59"}
{"label":"src/app.js","level":"info","message":{"method":"uploadFileToPinata","userInfo":{"user":{"email":"albtool@gmail.com","id":"albtool@gmail.com","orgId":"2","registrationType":"scholar"}}},"timestamp":"2024-08-28 11:21:04"}
{"label":"src/app.js","level":"info","message":{"info":{"name":"Sand","url":"QmRTR3qTwGmufY49DGTvmE8KKA1ivD1GsNVx8jbBSNAUAm"},"method":"uploadFileToPinata","userInfo":{"user":{"email":"albtool@gmail.com","id":"albtool@gmail.com","orgId":"2","registrationType":"scholar"}}},"timestamp":"2024-08-28 11:21:06"}
{"label":"src/app.js","level":"error","message":"This is test message","timestamp":"2024-08-28 11:22:45"}
{"label":"src/app.js","level":"error","message":"This is test message","timestamp":"2024-08-28 11:35:00"}
{"label":"src/app.js","level":"error","message":"This is test message","timestamp":"2024-08-28 11:36:26"}
{"label":"src/app.js","level":"error","message":"This is test message","timestamp":"2024-08-28 11:36:51"}
{"label":"src/app.js","level":"error","message":"This is test message","timestamp":"2024-08-28 11:38:13"}
{"label":"src/app.js","level":"error","message":"This is test message","timestamp":"2024-08-28 11:38:27"}
{"label":"src/app.js","level":"error","message":"This is test message","timestamp":"2024-08-28 11:39:27"}
{"label":"src/app.js","level":"error","message":"This is test message","timestamp":"2024-08-28 11:39:38"}
{"label":"src/app.js","level":"error","message":"This is test message","timestamp":"2024-08-28 11:39:52"}
{"label":"src/app.js","level":"error","message":"This is test message","timestamp":"2024-08-28 11:40:00"}
{"label":"src/app.js","level":"error","message":"This is test message","timestamp":"2024-08-28 11:40:30"}
{"label":"src/app.js","level":"error","message":"This is test message","timestamp":"2024-08-28 11:40:37"}
{"label":"src/app.js","level":"info","message":{"method":"uploadFileToPinata","userInfo":{"user":{"email":"bashayer@gmail.com","id":"bashayer@gmail.com","orgId":"2","registrationType":"StudentOfHadith"}}},"timestamp":"2024-08-28 11:40:39"}
{"label":"src/app.js","level":"info","message":{"info":{"name":"Sand","url":"QmRTR3qTwGmufY49DGTvmE8KKA1ivD1GsNVx8jbBSNAUAm"},"method":"uploadFileToPinata","userInfo":{"user":{"email":"bashayer@gmail.com","id":"bashayer@gmail.com","orgId":"2","registrationType":"StudentOfHadith"}}},"timestamp":"2024-08-28 11:40:42"}
{"label":"src/app.js","level":"error","message":"This is test message","timestamp":"2024-08-28 11:41:30"}
{"label":"src/app.js","level":"info","message":{"method":"uploadFileToPinata","userInfo":{"user":{"email":"bashayer@gmail.com","id":"bashayer@gmail.com","orgId":"2","registrationType":"StudentOfHadith"}}},"timestamp":"2024-08-28 11:41:35"}
{"label":"src/app.js","level":"info","message":{"info":{"name":"Sand","url":"QmRTR3qTwGmufY49DGTvmE8KKA1ivD1GsNVx8jbBSNAUAm"},"method":"uploadFileToPinata","userInfo":{"user":{"email":"bashayer@gmail.com","id":"bashayer@gmail.com","orgId":"2","registrationType":"StudentOfHadith"}}},"timestamp":"2024-08-28 11:41:38"}
{"label":"src/app.js","level":"error","message":"This is test message","timestamp":"2024-08-28 11:42:08"}
{"label":"src/app.js","level":"info","message":{"method":"uploadFileToPinata","userInfo":{"user":{"email":"bashayer@gmail.com","id":"bashayer@gmail.com","orgId":"2","registrationType":"StudentOfHadith"}}},"timestamp":"2024-08-28 11:42:11"}
{"label":"src/app.js","level":"info","message":{"info":{"name":"Sand","url":"QmRTR3qTwGmufY49DGTvmE8KKA1ivD1GsNVx8jbBSNAUAm"},"method":"uploadFileToPinata","userInfo":{"user":{"email":"bashayer@gmail.com","id":"bashayer@gmail.com","orgId":"2","registrationType":"StudentOfHadith"}}},"timestamp":"2024-08-28 11:42:15"}
{"label":"src/app.js","level":"error","message":"This is test message","timestamp":"2024-08-28 12:01:01"}
{"label":"src/app.js","level":"info","message":{"method":"uploadFileToPinata","userInfo":{"user":{"email":"abtool2@gmail.com","id":"abtool2@gmail.com","orgId":"2","registrationType":"scholar"}}},"timestamp":"2024-08-28 12:01:14"}
{"label":"src/app.js","level":"info","message":{"info":{"name":"Sand","url":"QmRTR3qTwGmufY49DGTvmE8KKA1ivD1GsNVx8jbBSNAUAm"},"method":"uploadFileToPinata","userInfo":{"user":{"email":"abtool2@gmail.com","id":"abtool2@gmail.com","orgId":"2","registrationType":"scholar"}}},"timestamp":"2024-08-28 12:01:17"}
{"label":"src/app.js","level":"error","message":"This is test message","timestamp":"2024-08-28 12:03:14"}
{"label":"src/app.js","level":"error","message":"This is test message","timestamp":"2024-08-28 13:09:28"}
{"label":"src/app.js","level":"info","message":{"method":"uploadFileToPinata","userInfo":{"user":{"email":"abtool3@gmail.com","id":"abtool3@gmail.com","orgId":"1","registrationType":"scholar"}}},"timestamp":"2024-08-28 13:15:33"}
{"label":"src/app.js","level":"info","message":{"method":"uploadFileToPinata","userInfo":{"user":{"email":"abtool3@gmail.com","id":"abtool3@gmail.com","orgId":"1","registrationType":"scholar"}}},"timestamp":"2024-08-28 13:15:50"}
{"label":"src/app.js","level":"info","message":{"method":"uploadFileToPinata","userInfo":{"user":{"email":"abtool3@gmail.com","id":"abtool3@gmail.com","orgId":"1","registrationType":"scholar"}}},"timestamp":"2024-08-28 13:15:59"}
{"label":"src/app.js","level":"info","message":{"info":{"name":"Sand","url":"QmRTR3qTwGmufY49DGTvmE8KKA1ivD1GsNVx8jbBSNAUAm"},"method":"uploadFileToPinata","userInfo":{"user":{"email":"abtool3@gmail.com","id":"abtool3@gmail.com","orgId":"1","registrationType":"scholar"}}},"timestamp":"2024-08-28 13:16:03"}
{"label":"src/app.js","level":"error","message":"This is test message","timestamp":"2024-08-28 13:17:47"}
{"label":"src/app.js","level":"error","message":"This is test message","timestamp":"2024-08-28 13:17:59"}
{"label":"src/app.js","level":"error","message":"This is test message","timestamp":"2024-08-28 13:18:30"}
{"label":"src/app.js","level":"error","message":"This is test message","timestamp":"2024-08-28 13:18:46"}
{"label":"src/app.js","level":"info","message":{"method":"uploadFileToPinata","userInfo":{"user":{"email":"abtool3@gmail.com","id":"abtool3@gmail.com","orgId":"1","registrationType":"scholar"}}},"timestamp":"2024-08-28 13:18:54"}
{"label":"src/app.js","level":"info","message":{"info":{"name":"Sand","url":"QmRTR3qTwGmufY49DGTvmE8KKA1ivD1GsNVx8jbBSNAUAm"},"method":"uploadFileToPinata","userInfo":{"user":{"email":"abtool3@gmail.com","id":"abtool3@gmail.com","orgId":"1","registrationType":"scholar"}}},"timestamp":"2024-08-28 13:18:57"}
{"label":"src/app.js","level":"info","message":{"method":"uploadFileToPinata","userInfo":{"user":{"email":"abtool3@gmail.com","id":"abtool3@gmail.com","orgId":"1","registrationType":"scholar"}}},"timestamp":"2024-08-28 13:19:49"}
{"label":"src/app.js","level":"info","message":{"method":"uploadFileToPinata","userInfo":{"user":{"email":"abtool3@gmail.com","id":"abtool3@gmail.com","orgId":"1","registrationType":"scholar"}}},"timestamp":"2024-08-28 13:20:29"}
{"label":"src/app.js","level":"info","message":{"method":"uploadFileToPinata","userInfo":{"user":{"email":"abtool3@gmail.com","id":"abtool3@gmail.com","orgId":"1","registrationType":"scholar"}}},"timestamp":"2024-08-28 13:21:44"}
{"label":"src/app.js","level":"info","message":{"method":"uploadFileToPinata","userInfo":{"user":{"email":"abtool3@gmail.com","id":"abtool3@gmail.com","orgId":"1","registrationType":"scholar"}}},"timestamp":"2024-08-28 13:21:50"}
{"label":"src/app.js","level":"info","message":{"info":{"name":"Sand","url":"QmRTR3qTwGmufY49DGTvmE8KKA1ivD1GsNVx8jbBSNAUAm"},"method":"uploadFileToPinata","userInfo":{"user":{"email":"abtool3@gmail.com","id":"abtool3@gmail.com","orgId":"1","registrationType":"scholar"}}},"timestamp":"2024-08-28 13:21:53"}
{"label":"src/app.js","level":"info","message":{"method":"uploadFileToPinata","userInfo":{"user":{"email":"abtool3@gmail.com","id":"abtool3@gmail.com","orgId":"1","registrationType":"scholar"}}},"timestamp":"2024-08-28 13:22:14"}
{"label":"src/app.js","level":"info","message":{"info":{"name":"Sand","url":"QmRTR3qTwGmufY49DGTvmE8KKA1ivD1GsNVx8jbBSNAUAm"},"method":"uploadFileToPinata","userInfo":{"user":{"email":"abtool3@gmail.com","id":"abtool3@gmail.com","orgId":"1","registrationType":"scholar"}}},"timestamp":"2024-08-28 13:22:16"}
{"label":"src/app.js","level":"info","message":{"method":"uploadFileToPinata","userInfo":{"user":{"email":"abtool3@gmail.com","id":"abtool3@gmail.com","orgId":"1","registrationType":"scholar"}}},"timestamp":"2024-08-28 13:24:05"}
{"label":"src/app.js","level":"info","message":{"method":"uploadFileToPinata","userInfo":{"user":{"email":"abtool3@gmail.com","id":"abtool3@gmail.com","orgId":"1","registrationType":"scholar"}}},"timestamp":"2024-08-28 13:24:12"}
{"label":"src/app.js","level":"info","message":{"info":{"name":"Sand","url":"QmRTR3qTwGmufY49DGTvmE8KKA1ivD1GsNVx8jbBSNAUAm"},"method":"uploadFileToPinata","userInfo":{"user":{"email":"abtool3@gmail.com","id":"abtool3@gmail.com","orgId":"1","registrationType":"scholar"}}},"timestamp":"2024-08-28 13:24:16"}
{"label":"src/app.js","level":"info","message":{"method":"uploadFileToPinata","userInfo":{"user":{"email":"abtool3@gmail.com","id":"abtool3@gmail.com","orgId":"1","registrationType":"scholar"}}},"timestamp":"2024-08-28 13:24:20"}
{"label":"src/app.js","level":"info","message":{"info":{"name":"Sand","url":"QmRTR3qTwGmufY49DGTvmE8KKA1ivD1GsNVx8jbBSNAUAm"},"method":"uploadFileToPinata","userInfo":{"user":{"email":"abtool3@gmail.com","id":"abtool3@gmail.com","orgId":"1","registrationType":"scholar"}}},"timestamp":"2024-08-28 13:24:22"}
{"label":"src/app.js","level":"info","message":{"method":"uploadFileToPinata","userInfo":{"user":{"email":"scholar1@gmail.com","id":"scholar1@gmail.com","orgId":"1","registrationType":"scholar"}}},"timestamp":"2024-08-28 15:01:15"}
{"label":"src/app.js","level":"info","message":{"info":{"name":"Sand","url":"QmRTR3qTwGmufY49DGTvmE8KKA1ivD1GsNVx8jbBSNAUAm"},"method":"uploadFileToPinata","userInfo":{"user":{"email":"scholar1@gmail.com","id":"scholar1@gmail.com","orgId":"1","registrationType":"scholar"}}},"timestamp":"2024-08-28 15:01:19"}
{"label":"src/app.js","level":"info","message":{"method":"uploadFileToPinata","userInfo":{"user":{"email":"scholar2@gmail.com","id":"scholar2@gmail.com","orgId":"2","registrationType":"scholar"}}},"timestamp":"2024-08-28 15:03:19"}
{"label":"src/app.js","level":"info","message":{"info":{"name":"Sand","url":"QmRTR3qTwGmufY49DGTvmE8KKA1ivD1GsNVx8jbBSNAUAm"},"method":"uploadFileToPinata","userInfo":{"user":{"email":"scholar2@gmail.com","id":"scholar2@gmail.com","orgId":"2","registrationType":"scholar"}}},"timestamp":"2024-08-28 15:03:22"}
{"label":"src/app.js","level":"info","message":{"method":"uploadFileToPinata","userInfo":{"user":{"email":"scholar2@gmail.com","id":"scholar2@gmail.com","orgId":"2","registrationType":"scholar"}}},"timestamp":"2024-08-28 15:03:41"}
{"label":"src/app.js","level":"info","message":{"info":{"name":"Sand","url":"QmRTR3qTwGmufY49DGTvmE8KKA1ivD1GsNVx8jbBSNAUAm"},"method":"uploadFileToPinata","userInfo":{"user":{"email":"scholar2@gmail.com","id":"scholar2@gmail.com","orgId":"2","registrationType":"scholar"}}},"timestamp":"2024-08-28 15:03:43"}
{"label":"src/app.js","level":"info","message":{"method":"uploadFileToPinata","userInfo":{"user":{"email":"scholar1@gmail.com","id":"scholar1@gmail.com","orgId":"1","registrationType":"scholar"}}},"timestamp":"2024-08-28 15:19:16"}
{"label":"src/app.js","level":"info","message":{"info":{"name":"Sand","url":"QmRTR3qTwGmufY49DGTvmE8KKA1ivD1GsNVx8jbBSNAUAm"},"method":"uploadFileToPinata","userInfo":{"user":{"email":"scholar1@gmail.com","id":"scholar1@gmail.com","orgId":"1","registrationType":"scholar"}}},"timestamp":"2024-08-28 15:19:19"}
{"label":"src/app.js","level":"info","message":{"method":"uploadFileToPinata","userInfo":{"user":{"email":"scholar1@gmail.com","id":"scholar1@gmail.com","orgId":"1","registrationType":"scholar"}}},"timestamp":"2024-08-28 15:20:24"}
{"label":"src/app.js","level":"info","message":{"info":{"name":"Sand","url":"QmRTR3qTwGmufY49DGTvmE8KKA1ivD1GsNVx8jbBSNAUAm"},"method":"uploadFileToPinata","userInfo":{"user":{"email":"scholar1@gmail.com","id":"scholar1@gmail.com","orgId":"1","registrationType":"scholar"}}},"timestamp":"2024-08-28 15:20:28"}
{"label":"src/app.js","level":"info","message":{"method":"uploadFileToPinata","userInfo":{"user":{"email":"scholar1@gmail.com","id":"scholar1@gmail.com","orgId":"1","registrationType":"scholar"}}},"timestamp":"2024-08-28 15:20:56"}
{"label":"src/app.js","level":"info","message":{"info":{"name":"Sand","url":"QmRTR3qTwGmufY49DGTvmE8KKA1ivD1GsNVx8jbBSNAUAm"},"method":"uploadFileToPinata","userInfo":{"user":{"email":"scholar1@gmail.com","id":"scholar1@gmail.com","orgId":"1","registrationType":"scholar"}}},"timestamp":"2024-08-28 15:20:59"}
{"label":"src/app.js","level":"info","message":{"method":"uploadFileToPinata","userInfo":{"user":{"email":"scholar2@gmail.com","id":"scholar2@gmail.com","orgId":"2","registrationType":"scholar"}}},"timestamp":"2024-08-28 15:22:43"}
{"label":"src/app.js","level":"info","message":{"info":{"name":"Sand","url":"QmRTR3qTwGmufY49DGTvmE8KKA1ivD1GsNVx8jbBSNAUAm"},"method":"uploadFileToPinata","userInfo":{"user":{"email":"scholar2@gmail.com","id":"scholar2@gmail.com","orgId":"2","registrationType":"scholar"}}},"timestamp":"2024-08-28 15:22:47"}
{"label":"src/app.js","level":"info","message":{"method":"uploadFileToPinata","userInfo":{"user":{"email":"scholar11@gmail.com","id":"scholar11@gmail.com","orgId":"1","registrationType":"scholar"}}},"timestamp":"2024-08-28 15:25:27"}
{"label":"src/app.js","level":"info","message":{"info":{"name":"Sand","url":"QmRTR3qTwGmufY49DGTvmE8KKA1ivD1GsNVx8jbBSNAUAm"},"method":"uploadFileToPinata","userInfo":{"user":{"email":"scholar11@gmail.com","id":"scholar11@gmail.com","orgId":"1","registrationType":"scholar"}}},"timestamp":"2024-08-28 15:25:30"}
{"label":"src/app.js","level":"info","message":{"method":"uploadFileToPinata","userInfo":{"user":{"email":"scholar11@gmail.com","id":"scholar11@gmail.com","orgId":"1","registrationType":"scholar"}}},"timestamp":"2024-08-28 15:25:41"}
{"label":"src/app.js","level":"info","message":{"info":{"name":"Sand","url":"QmRTR3qTwGmufY49DGTvmE8KKA1ivD1GsNVx8jbBSNAUAm"},"method":"uploadFileToPinata","userInfo":{"user":{"email":"scholar11@gmail.com","id":"scholar11@gmail.com","orgId":"1","registrationType":"scholar"}}},"timestamp":"2024-08-28 15:25:44"}
{"label":"src/app.js","level":"info","message":{"method":"uploadFileToPinata","userInfo":{"user":{"email":"scholar11@gmail.com","id":"scholar11@gmail.com","orgId":"1","registrationType":"scholar"}}},"timestamp":"2024-08-28 15:25:51"}
{"label":"src/app.js","level":"info","message":{"info":{"name":"Sand","url":"QmRTR3qTwGmufY49DGTvmE8KKA1ivD1GsNVx8jbBSNAUAm"},"method":"uploadFileToPinata","userInfo":{"user":{"email":"scholar11@gmail.com","id":"scholar11@gmail.com","orgId":"1","registrationType":"scholar"}}},"timestamp":"2024-08-28 15:25:53"}
{"label":"src/app.js","level":"info","message":{"method":"uploadFileToPinata","userInfo":{"user":{"email":"scholar2@gmail.com","id":"scholar2@gmail.com","orgId":"2","registrationType":"scholar"}}},"timestamp":"2024-08-28 15:27:19"}
{"label":"src/app.js","level":"info","message":{"info":{"name":"Sand","url":"QmRTR3qTwGmufY49DGTvmE8KKA1ivD1GsNVx8jbBSNAUAm"},"method":"uploadFileToPinata","userInfo":{"user":{"email":"scholar2@gmail.com","id":"scholar2@gmail.com","orgId":"2","registrationType":"scholar"}}},"timestamp":"2024-08-28 15:27:22"}
